================================================================================
EXTRACCIÓN DE ADJUNTOS DE OUTLOOK
================================================================================
Inicio: 2025-10-31 10:47:14
Ruta del ejecutable: c:\Users\ricuculm\OneDrive - Metso\Documents\VS Code\correos_improve\legacy
Carpeta Outlook: ricardo.uculmana@metso.com\Bandeja de entrada\AdobeSign
Frases de búsqueda (0):
Rango de fechas: 2025-10-31 a 2025-10-31
Carpeta destino: C:/Users/ricuculm/OneDrive - Metso/Desktop/land12
================================================================================

================================================================================
FASE 1: ANÁLISIS Y FILTRADO DE CORREOS
================================================================================
[10:47:15] 📧 Analizando 2418 correos en la carpeta...
[10:47:15] ✅ 1 coincidencias encontradas...
[10:47:17] Progreso: 50/2418 correos revisados...
[10:47:18] Progreso: 100/2418 correos revisados...
[10:47:20] Progreso: 150/2418 correos revisados...
[10:47:21] Progreso: 200/2418 correos revisados...
[10:47:22] Progreso: 250/2418 correos revisados...
[10:47:24] Progreso: 300/2418 correos revisados...
[10:47:25] Progreso: 350/2418 correos revisados...
[10:47:27] Progreso: 400/2418 correos revisados...
[10:47:29] Progreso: 450/2418 correos revisados...
[10:47:30] Progreso: 500/2418 correos revisados...
[10:47:32] Progreso: 550/2418 correos revisados...
[10:47:33] Progreso: 600/2418 correos revisados...
[10:47:35] Progreso: 650/2418 correos revisados...
[10:47:37] Progreso: 700/2418 correos revisados...
[10:47:38] Progreso: 750/2418 correos revisados...
[10:47:40] Progreso: 800/2418 correos revisados...
[10:47:41] Progreso: 850/2418 correos revisados...
[10:47:43] Progreso: 900/2418 correos revisados...
[10:47:44] Progreso: 950/2418 correos revisados...
[10:47:46] Progreso: 1000/2418 correos revisados...
[10:47:47] Progreso: 1050/2418 correos revisados...
[10:47:49] Progreso: 1100/2418 correos revisados...
[10:47:51] Progreso: 1150/2418 correos revisados...
[10:47:52] Progreso: 1200/2418 correos revisados...
[10:47:54] Progreso: 1250/2418 correos revisados...
[10:47:55] Progreso: 1300/2418 correos revisados...
[10:47:57] Progreso: 1350/2418 correos revisados...
[10:47:59] Progreso: 1400/2418 correos revisados...
[10:48:01] Progreso: 1450/2418 correos revisados...
[10:48:02] Progreso: 1500/2418 correos revisados...
[10:48:04] Progreso: 1550/2418 correos revisados...
[10:48:06] Progreso: 1600/2418 correos revisados...
[10:48:07] Progreso: 1650/2418 correos revisados...
[10:48:08] Progreso: 1700/2418 correos revisados...
[10:48:10] Progreso: 1750/2418 correos revisados...
[10:48:11] Progreso: 1800/2418 correos revisados...
[10:48:13] Progreso: 1850/2418 correos revisados...
[10:48:14] Progreso: 1900/2418 correos revisados...
[10:48:16] Progreso: 1950/2418 correos revisados...
[10:48:18] Progreso: 2000/2418 correos revisados...
[10:48:19] Progreso: 2050/2418 correos revisados...
[10:48:21] Progreso: 2100/2418 correos revisados...
[10:48:22] Progreso: 2150/2418 correos revisados...
[10:48:24] Progreso: 2200/2418 correos revisados...
[10:48:26] Progreso: 2250/2418 correos revisados...
[10:48:28] Progreso: 2300/2418 correos revisados...
[10:48:29] Progreso: 2350/2418 correos revisados...
[10:48:31] Progreso: 2400/2418 correos revisados...

[10:48:32] ✅ DIAGNÓSTICO DEL FILTRADO:
  Total correos analizados: 2418
  ✅ Coincidencias encontradas: 2

  RECHAZADOS POR FILTRO:
    📅 Fuera de rango de fechas: 2416 (99.9%)
    🔍 Sin frase coincidente: 0 (0.0%)
    📎 Sin adjuntos (pero con frase): 0 (0.0%)

  RANGO DE FECHAS EN LA CARPETA:
    - Fecha más antigua: 2025-10-01
    - Fecha más reciente: 2025-10-31
    - Rango buscado: 2025-10-31 a 2025-10-31

  ANÁLISIS:
    ⚠️ Más del 70% de correos están fuera del rango de fechas.
       → RECOMENDACIÓN: Verificar/ampliar el rango de fechas.


✅ Filtrado completado: 2 correos encontrados con adjuntos

================================================================================
FASE 2: DESCARGA DE ADJUNTOS
================================================================================
Iniciando descarga de 2 adjuntos (de 2 correos)...
Destino: C:/Users/ricuculm/OneDrive - Metso/Desktop/land12

[10:48:32] 📦 Iniciando descarga por lotes...

[10:48:32] ✓ [1/2] 8321 ASTULLE CAYO RODRIGO LUIS_CIR_ALTA_TRA_20262478964_1042991_30102025112614 - signed.pdf (0.12 MB)
[10:48:32] ✓ [2/2] 8279 SUPO PARICELA SAMUEL JONATHAN_CIR_ALTA_TRA_20262478964_1042601_29102025103556 - signed.pdf (0.10 MB)

✅ Descarga completada

📊 Generando archivo Excel con listado...
================================================================================
RESUMEN FINAL
================================================================================
📧 Correos encontrados: 2
📧 Correos procesados: 2

DESCARGA:
  ✅ Adjuntos descargados: 2/2 (100.0%)
  💾 Tamaño total: 0.22 MB

Fin: 2025-10-31 10:48:32
Tiempo total: 1min 17.9s
Estado: ✅ Completado exitosamente
================================================================================
Log guardado en: c:\Users\ricuculm\OneDrive - Metso\Documents\VS Code\correos_improve\legacy\logs\extraccion_20251031_104714.log
================================================================================
