================================================================================
EXTRACCIÓN DE ADJUNTOS DE OUTLOOK
================================================================================
Inicio: 2025-10-31 10:21:38
Ruta del ejecutable: c:\Users\ricuculm\OneDrive - Metso\Documents\VS Code\correos_improve\legacy
Carpeta Outlook: ricardo.uculmana@metso.com\Bandeja de entrada\AdobeSign
Frases de búsqueda (0):
Rango de fechas: 2025-10-31 a 2025-10-31
Carpeta destino: C:/Users/ricuculm/OneDrive - Metso/Desktop/lander12
================================================================================

================================================================================
FASE 1: ANÁLISIS Y FILTRADO DE CORREOS
================================================================================
[10:21:38] 📧 Analizando 2418 correos en la carpeta...
[10:21:38] ✅ 1 coincidencias encontradas...
[10:21:39] Progreso: 50/2418 correos revisados...
[10:21:41] Progreso: 100/2418 correos revisados...
[10:21:43] Progreso: 150/2418 correos revisados...
[10:21:44] Progreso: 200/2418 correos revisados...
[10:21:45] Progreso: 250/2418 correos revisados...
[10:21:46] Progreso: 300/2418 correos revisados...
[10:21:48] Progreso: 350/2418 correos revisados...
[10:21:50] Progreso: 400/2418 correos revisados...
[10:21:52] Progreso: 450/2418 correos revisados...
[10:21:54] Progreso: 500/2418 correos revisados...
[10:21:56] Progreso: 550/2418 correos revisados...
[10:21:57] Progreso: 600/2418 correos revisados...
[10:21:59] Progreso: 650/2418 correos revisados...
[10:22:00] Progreso: 700/2418 correos revisados...
[10:22:01] Progreso: 750/2418 correos revisados...
[10:22:03] Progreso: 800/2418 correos revisados...
[10:22:04] Progreso: 850/2418 correos revisados...
[10:22:05] Progreso: 900/2418 correos revisados...
[10:22:07] Progreso: 950/2418 correos revisados...
[10:22:08] Progreso: 1000/2418 correos revisados...
[10:22:13] Progreso: 1050/2418 correos revisados...
[10:22:17] Progreso: 1100/2418 correos revisados...
[10:22:18] Progreso: 1150/2418 correos revisados...
[10:22:19] Progreso: 1200/2418 correos revisados...
[10:22:21] Progreso: 1250/2418 correos revisados...
[10:22:22] Progreso: 1300/2418 correos revisados...
[10:22:23] Progreso: 1350/2418 correos revisados...
[10:22:25] Progreso: 1400/2418 correos revisados...
[10:22:26] Progreso: 1450/2418 correos revisados...
[10:22:28] Progreso: 1500/2418 correos revisados...
[10:22:29] Progreso: 1550/2418 correos revisados...
[10:22:31] Progreso: 1600/2418 correos revisados...
[10:22:32] Progreso: 1650/2418 correos revisados...
[10:22:34] Progreso: 1700/2418 correos revisados...
[10:22:35] Progreso: 1750/2418 correos revisados...
[10:22:37] Progreso: 1800/2418 correos revisados...
[10:22:38] Progreso: 1850/2418 correos revisados...
[10:22:40] Progreso: 1900/2418 correos revisados...
[10:22:41] Progreso: 1950/2418 correos revisados...
[10:22:43] Progreso: 2000/2418 correos revisados...
[10:22:45] Progreso: 2050/2418 correos revisados...
[10:22:47] Progreso: 2100/2418 correos revisados...
[10:22:49] Progreso: 2150/2418 correos revisados...
[10:22:50] Progreso: 2200/2418 correos revisados...
[10:22:52] Progreso: 2250/2418 correos revisados...
[10:22:54] Progreso: 2300/2418 correos revisados...
[10:22:55] Progreso: 2350/2418 correos revisados...
[10:22:56] Progreso: 2400/2418 correos revisados...

[10:22:57] ✅ DIAGNÓSTICO DEL FILTRADO:
  Total correos analizados: 2418
  ✅ Coincidencias encontradas: 2

  RECHAZADOS POR FILTRO:
    📅 Fuera de rango de fechas: 2416 (99.9%)
    🔍 Sin frase coincidente: 0 (0.0%)
    📎 Sin adjuntos (pero con frase): 0 (0.0%)

  RANGO DE FECHAS EN LA CARPETA:
    - Fecha más antigua: 2025-10-01
    - Fecha más reciente: 2025-10-31
    - Rango buscado: 2025-10-31 a 2025-10-31

  ANÁLISIS:
    ⚠️ Más del 70% de correos están fuera del rango de fechas.
       → RECOMENDACIÓN: Verificar/ampliar el rango de fechas.


✅ Filtrado completado: 2 correos encontrados con adjuntos

================================================================================
FASE 2: DESCARGA DE ADJUNTOS
================================================================================
Iniciando descarga de 2 adjuntos (de 2 correos)...
Destino: C:/Users/ricuculm/OneDrive - Metso/Desktop/lander12

[10:22:57] 📦 Iniciando descarga por lotes...

[10:22:57] ✓ [1/2] 8321 ASTULLE CAYO RODRIGO LUIS_CIR_ALTA_TRA_20262478964_1042991_30102025112614 - signed.pdf (0.12 MB)
[10:22:57] ✓ [2/2] 8279 SUPO PARICELA SAMUEL JONATHAN_CIR_ALTA_TRA_20262478964_1042601_29102025103556 - signed.pdf (0.10 MB)

✅ Descarga completada

📊 Generando archivo Excel con listado...
================================================================================
RESUMEN FINAL
================================================================================
📧 Correos encontrados: 2
📧 Correos procesados: 2

DESCARGA:
  ✅ Adjuntos descargados: 2/2 (100.0%)
  💾 Tamaño total: 0.22 MB

Fin: 2025-10-31 10:22:58
Tiempo total: 1min 20.3s
Estado: ✅ Completado exitosamente
================================================================================
Log guardado en: c:\Users\ricuculm\OneDrive - Metso\Documents\VS Code\correos_improve\legacy\logs\extraccion_20251031_102138.log
================================================================================
