================================================================================
EXTRACCIÓN DE ADJUNTOS DE OUTLOOK
================================================================================
Inicio: 2025-10-31 14:01:43
Ruta del ejecutable: c:\Users\ricuculm\OneDrive - Metso\Documents\VS Code\correos_improve\legacy
Carpeta Outlook: ricardo.uculmana@metso.com\Bandeja de entrada\AdobeSign
Frases de búsqueda (0):
Rango de fechas: 2025-10-31 a 2025-10-31
Carpeta destino: C:/Users/ricuculm/OneDrive - Metso/Desktop/land13
================================================================================

================================================================================
FASE 1: ANÁLISIS Y FILTRADO DE CORREOS
================================================================================
[14:01:43] 📧 Analizando 2420 correos en la carpeta...
[14:01:43] ✅ 1 coincidencias encontradas...
[14:01:44] Progreso: 50/2420 correos revisados...
[14:01:46] Progreso: 100/2420 correos revisados...
[14:01:47] Progreso: 150/2420 correos revisados...
[14:01:48] Progreso: 200/2420 correos revisados...
[14:01:49] Progreso: 250/2420 correos revisados...
[14:01:51] Progreso: 300/2420 correos revisados...
[14:01:52] Progreso: 350/2420 correos revisados...
[14:01:53] Progreso: 400/2420 correos revisados...
[14:01:55] Progreso: 450/2420 correos revisados...
[14:01:56] Progreso: 500/2420 correos revisados...
[14:01:58] Progreso: 550/2420 correos revisados...
[14:01:59] Progreso: 600/2420 correos revisados...
[14:02:00] Progreso: 650/2420 correos revisados...
[14:02:01] Progreso: 700/2420 correos revisados...
[14:02:03] Progreso: 750/2420 correos revisados...
[14:02:04] Progreso: 800/2420 correos revisados...
[14:02:05] Progreso: 850/2420 correos revisados...
[14:02:06] Progreso: 900/2420 correos revisados...
[14:02:08] Progreso: 950/2420 correos revisados...
[14:02:09] Progreso: 1000/2420 correos revisados...
[14:02:10] Progreso: 1050/2420 correos revisados...
[14:02:11] Progreso: 1100/2420 correos revisados...
[14:02:13] Progreso: 1150/2420 correos revisados...
[14:02:14] Progreso: 1200/2420 correos revisados...
[14:02:15] Progreso: 1250/2420 correos revisados...
[14:02:17] Progreso: 1300/2420 correos revisados...
[14:02:18] Progreso: 1350/2420 correos revisados...
[14:02:19] Progreso: 1400/2420 correos revisados...
[14:02:21] Progreso: 1450/2420 correos revisados...
[14:02:22] Progreso: 1500/2420 correos revisados...
[14:02:23] Progreso: 1550/2420 correos revisados...
[14:02:25] Progreso: 1600/2420 correos revisados...
[14:02:26] Progreso: 1650/2420 correos revisados...
[14:02:27] Progreso: 1700/2420 correos revisados...
[14:02:28] Progreso: 1750/2420 correos revisados...
[14:02:30] Progreso: 1800/2420 correos revisados...
[14:02:31] Progreso: 1850/2420 correos revisados...
[14:02:32] Progreso: 1900/2420 correos revisados...
[14:02:34] Progreso: 1950/2420 correos revisados...
[14:02:35] Progreso: 2000/2420 correos revisados...
[14:02:36] Progreso: 2050/2420 correos revisados...
[14:02:38] Progreso: 2100/2420 correos revisados...
[14:02:39] Progreso: 2150/2420 correos revisados...
[14:02:41] Progreso: 2200/2420 correos revisados...
[14:02:42] Progreso: 2250/2420 correos revisados...
[14:02:44] Progreso: 2300/2420 correos revisados...
[14:02:45] Progreso: 2350/2420 correos revisados...
[14:02:47] Progreso: 2400/2420 correos revisados...

[14:02:47] ✅ DIAGNÓSTICO DEL FILTRADO:
  Total correos analizados: 2420
  ✅ Coincidencias encontradas: 4

  RECHAZADOS POR FILTRO:
    📅 Fuera de rango de fechas: 2416 (99.8%)
    🔍 Sin frase coincidente: 0 (0.0%)
    📎 Sin adjuntos (pero con frase): 0 (0.0%)

  RANGO DE FECHAS EN LA CARPETA:
    - Fecha más antigua: 2025-10-01
    - Fecha más reciente: 2025-10-31
    - Rango buscado: 2025-10-31 a 2025-10-31

  ANÁLISIS:
    ⚠️ Más del 70% de correos están fuera del rango de fechas.
       → RECOMENDACIÓN: Verificar/ampliar el rango de fechas.


✅ Filtrado completado: 4 correos encontrados con adjuntos

================================================================================
FASE 2: DESCARGA DE ADJUNTOS
================================================================================
Iniciando descarga de 4 adjuntos (de 4 correos)...
Destino: C:/Users/ricuculm/OneDrive - Metso/Desktop/land13

[14:02:47] 📦 Iniciando descarga por lotes...

[14:02:47] ✓ [1/4] 7272 CONDORI QUEQUE MARCO ANTONIO_BOLETA DE PAGO Y CERTIFICADOS - firmado.pdf (1.18 MB)
[14:02:47] ✓ [2/4] 8338 PEREA TICONA JOSE EDUARDO_CIR_ALTA_TRA_20262478964_1042991_30102025112640 - firmado.pdf (0.11 MB)
[14:02:47] ✓ [3/4] 8321 ASTULLE CAYO RODRIGO LUIS_CIR_ALTA_TRA_20262478964_1042991_30102025112614 - signed.pdf (0.12 MB)
[14:02:48] ✓ [4/4] 8279 SUPO PARICELA SAMUEL JONATHAN_CIR_ALTA_TRA_20262478964_1042601_29102025103556 - signed.pdf (0.10 MB)

✅ Descarga completada

📊 Generando archivo Excel con listado...
================================================================================
RESUMEN FINAL
================================================================================
📧 Correos encontrados: 4
📧 Correos procesados: 4

DESCARGA:
  ✅ Adjuntos descargados: 4/4 (100.0%)
  💾 Tamaño total: 1.51 MB

Fin: 2025-10-31 14:02:48
Tiempo total: 1min 5.6s
Estado: ✅ Completado exitosamente
================================================================================
Log guardado en: c:\Users\ricuculm\OneDrive - Metso\Documents\VS Code\correos_improve\legacy\logs\extraccion_20251031_140143.log
================================================================================
